X_XXXXXX_______XXXXXXXXX__XXXX
__XXXXXXXX_____X_XXXXXXX_XXX__
XXXXXXXXXXX______XXXXXXX______
XXXXXXXXXXXXXX___XXXXX_______X
XX___XX_XXXXXX___XXX________XX
X___XXX___XXXXXXX_X__________X
____XXX__XXXXXXXX________X_X__
__________XXX_X_XXX_X_X_XXXXXX
___XX____XXXX___XXX_XXXXXXXXXX
____XXXXXXXX____XXX___XXX_XXXX
___XXXXXXXXXXX___XX____XXXXXXX
___XXXXXXXX___X_XX__________XX
_____XXXXXXX_____________X___X
_X____XXX_XXX________X___X___X
______XX___XXXX______X___XXXXX
________XXXXXXX__XXXXXX____XXX
___________XXXX__XXXXX_____XXX
___XXXX___XXXX___X____________
_XXXXXXX__X____X__________XXXX
XXXXXXXXXXX___XXXXX_________XX
XXXXXXX___X_X_XX_XXX________XX
__XXXXXX____X____XXX____XX___X
__X__XXX____X_____X_____XX___X
_XX____X_______XXXXX___XXXXX__
_XXX______XXXXXXX___XXXX___XXX
_XXX______X___XXX_XXXXX____XXX
_XXXX_______XXXX__XXXXX____XXX
__XXXX_______XXX__XXX_XXX_____
__XXXXX_____XXXX__XXXXXXXXXXXX
__XXXXX_____XXXX_____XXXXXX___
  
